./lr.o
iter#0 mean error: 0.268182
iter#1 mean error: 0.749999
iter#2 mean error: 0.269531
iter#3 mean error: 0.253773
iter#4 mean error: 0.176538
iter#5 mean error: 0.19249
iter#6 mean error: 0.614503
iter#7 mean error: 0.312531
iter#8 mean error: 0.235778
iter#9 mean error: 0.26495
iter#10 mean error: 0.209871
iter#11 mean error: 0.180839
iter#12 mean error: 0.21364
iter#13 mean error: 0.203592
iter#14 mean error: 0.205493
iter#15 mean error: 0.208881
iter#16 mean error: 0.144738
iter#17 mean error: 0.176251
iter#18 mean error: 0.175861
iter#19 mean error: 0.208853
iter#20 mean error: 0.183717
iter#21 mean error: 0.238298
iter#22 mean error: 0.153218
iter#23 mean error: 0.214559
iter#24 mean error: 0.217966
iter#25 mean error: 0.141584
iter#26 mean error: 0.162086
iter#27 mean error: 0.205217
iter#28 mean error: 0.182248
iter#29 mean error: 0.194485
iter#30 mean error: 0.196865
iter#31 mean error: 0.140994
iter#32 mean error: 0.17373
iter#33 mean error: 0.137756
iter#34 mean error: 0.198991
iter#35 mean error: 0.173049
iter#36 mean error: 0.189707
iter#37 mean error: 0.184734
iter#38 mean error: 0.184653
iter#39 mean error: 0.163998
iter#40 mean error: 0.165813
iter#41 mean error: 0.144813
iter#42 mean error: 0.186429
iter#43 mean error: 0.203518
iter#44 mean error: 0.153924
iter#45 mean error: 0.159077
iter#46 mean error: 0.191439
iter#47 mean error: 0.164117
iter#48 mean error: 0.178252
iter#49 mean error: 0.136922
iter#50 mean error: 0.13576
iter#51 mean error: 0.155563
iter#52 mean error: 0.181418
iter#53 mean error: 0.196193
iter#54 mean error: 0.191877
iter#55 mean error: 0.144759
iter#56 mean error: 0.161407
iter#57 mean error: 0.163119
iter#58 mean error: 0.156924
iter#59 mean error: 0.189392
iter#60 mean error: 0.175983
iter#61 mean error: 0.150709
iter#62 mean error: 0.15416
iter#63 mean error: 0.136036
iter#64 mean error: 0.175033
iter#65 mean error: 0.148897
iter#66 mean error: 0.200036
iter#67 mean error: 0.125048
iter#68 mean error: 0.152286
iter#69 mean error: 0.138225
iter#70 mean error: 0.145176
iter#71 mean error: 0.196746
iter#72 mean error: 0.130332
iter#73 mean error: 0.171154
iter#74 mean error: 0.170185
iter#75 mean error: 0.177994
iter#76 mean error: 0.198241
iter#77 mean error: 0.232126
iter#78 mean error: 0.263667
iter#79 mean error: 0.253719
iter#80 mean error: 0.270812
iter#81 mean error: 0.183031
iter#82 mean error: 0.209015
iter#83 mean error: 0.166752
iter#84 mean error: 0.190353
iter#85 mean error: 0.190961
iter#86 mean error: 0.174411
iter#87 mean error: 0.168086
iter#88 mean error: 0.171276
iter#89 mean error: 0.2022
iter#90 mean error: 0.215837
iter#91 mean error: 0.191037
iter#92 mean error: 0.209003
iter#93 mean error: 0.204189
iter#94 mean error: 0.140778
iter#95 mean error: 0.118895
iter#96 mean error: 0.162118
iter#97 mean error: 0.205387
iter#98 mean error: 0.188515
iter#99 mean error: 0.161038
iter#100 mean error: 0.186506
iter#101 mean error: 0.184027
iter#102 mean error: 0.178142
iter#103 mean error: 0.18532
iter#104 mean error: 0.21865
iter#105 mean error: 0.173758
iter#106 mean error: 0.145
iter#107 mean error: 0.16724
iter#108 mean error: 0.127873
iter#109 mean error: 0.193913
iter#110 mean error: 0.162258
iter#111 mean error: 0.172153
iter#112 mean error: 0.178424
iter#113 mean error: 0.172954
iter#114 mean error: 0.149991
iter#115 mean error: 0.138119
iter#116 mean error: 0.189007
iter#117 mean error: 0.124983
iter#118 mean error: 0.157052
iter#119 mean error: 0.21293
iter#120 mean error: 0.206552
iter#121 mean error: 0.188343
iter#122 mean error: 0.173692
iter#123 mean error: 0.173824
iter#124 mean error: 0.200466
iter#125 mean error: 0.203577
iter#126 mean error: 0.212026
iter#127 mean error: 0.175444
iter#128 mean error: 0.169575
iter#129 mean error: 0.180069
iter#130 mean error: 0.192794
iter#131 mean error: 0.158124
iter#132 mean error: 0.1536
iter#133 mean error: 0.159138
iter#134 mean error: 0.174442
iter#135 mean error: 0.200029
iter#136 mean error: 0.181494
iter#137 mean error: 0.138161
iter#138 mean error: 0.160896
iter#139 mean error: 0.191773
iter#140 mean error: 0.187012
iter#141 mean error: 0.170227
iter#142 mean error: 0.171117
iter#143 mean error: 0.149824
iter#144 mean error: 0.114255
iter#145 mean error: 0.165647
iter#146 mean error: 0.145771
iter#147 mean error: 0.172727
iter#148 mean error: 0.164055
iter#149 mean error: 0.139947
iter#150 mean error: 0.206879
iter#151 mean error: 0.189084
iter#152 mean error: 0.17325
iter#153 mean error: 0.133876
iter#154 mean error: 0.212154
iter#155 mean error: 0.162622
iter#156 mean error: 0.140155
iter#157 mean error: 0.174471
iter#158 mean error: 0.19568
iter#159 mean error: 0.183224
iter#160 mean error: 0.164618
iter#161 mean error: 0.136585
iter#162 mean error: 0.14217
iter#163 mean error: 0.157255
iter#164 mean error: 0.163831
iter#165 mean error: 0.183466
iter#166 mean error: 0.190162
iter#167 mean error: 0.155951
iter#168 mean error: 0.153009
iter#169 mean error: 0.17908
iter#170 mean error: 0.182316
iter#171 mean error: 0.153326
iter#172 mean error: 0.158514
iter#173 mean error: 0.142298
iter#174 mean error: 0.183249
iter#175 mean error: 0.154687
iter#176 mean error: 0.184395
iter#177 mean error: 0.19088
iter#178 mean error: 0.165643
iter#179 mean error: 0.134719
iter#180 mean error: 0.154439
iter#181 mean error: 0.152801
iter#182 mean error: 0.149324
iter#183 mean error: 0.193574
iter#184 mean error: 0.17917
iter#185 mean error: 0.188636
iter#186 mean error: 0.173084
iter#187 mean error: 0.155575
iter#188 mean error: 0.140268
iter#189 mean error: 0.124152
iter#190 mean error: 0.168216
iter#191 mean error: 0.155648
iter#192 mean error: 0.152736
iter#193 mean error: 0.142384
iter#194 mean error: 0.14988
iter#195 mean error: 0.185875
iter#196 mean error: 0.193443
iter#197 mean error: 0.184255
iter#198 mean error: 0.17397
iter#199 mean error: 0.173349
iter#200 mean error: 0.164683
iter#201 mean error: 0.145029
iter#202 mean error: 0.15827
iter#203 mean error: 0.166582
iter#204 mean error: 0.183169
iter#205 mean error: 0.139567
iter#206 mean error: 0.192221
iter#207 mean error: 0.128597
iter#208 mean error: 0.158718
iter#209 mean error: 0.170746
iter#210 mean error: 0.208597
iter#211 mean error: 0.122643
iter#212 mean error: 0.133724
iter#213 mean error: 0.183286
iter#214 mean error: 0.215703
iter#215 mean error: 0.175951
iter#216 mean error: 0.192606
iter#217 mean error: 0.178191
iter#218 mean error: 0.170354
iter#219 mean error: 0.17347
iter#220 mean error: 0.145943
iter#221 mean error: 0.18723
iter#222 mean error: 0.183948
iter#223 mean error: 0.164226
iter#224 mean error: 0.172607
iter#225 mean error: 0.190746
iter#226 mean error: 0.176096
iter#227 mean error: 0.167097
iter#228 mean error: 0.127702
iter#229 mean error: 0.158753
iter#230 mean error: 0.157633
iter#231 mean error: 0.175821
iter#232 mean error: 0.153485
iter#233 mean error: 0.159618
iter#234 mean error: 0.176861
iter#235 mean error: 0.178531
iter#236 mean error: 0.141844
iter#237 mean error: 0.157008
iter#238 mean error: 0.175215
iter#239 mean error: 0.140226
iter#240 mean error: 0.156843
iter#241 mean error: 0.171339
iter#242 mean error: 0.191893
iter#243 mean error: 0.192016
iter#244 mean error: 0.126968
iter#245 mean error: 0.173072
iter#246 mean error: 0.146862
iter#247 mean error: 0.160647
iter#248 mean error: 0.186138
iter#249 mean error: 0.186331
iter#250 mean error: 0.153529
iter#251 mean error: 0.13701
iter#252 mean error: 0.146554
iter#253 mean error: 0.150923
iter#254 mean error: 0.201024
iter#255 mean error: 0.139931
iter#256 mean error: 0.193149
iter#257 mean error: 0.167557
iter#258 mean error: 0.160144
iter#259 mean error: 0.182552
iter#260 mean error: 0.174846
iter#261 mean error: 0.167855
iter#262 mean error: 0.14812
iter#263 mean error: 0.149711
iter#264 mean error: 0.166261
iter#265 mean error: 0.123096
iter#266 mean error: 0.15393
iter#267 mean error: 0.163514
iter#268 mean error: 0.178988
iter#269 mean error: 0.180476
iter#270 mean error: 0.177515
iter#271 mean error: 0.189744
iter#272 mean error: 0.172252
iter#273 mean error: 0.146597
iter#274 mean error: 0.154262
iter#275 mean error: 0.151786
iter#276 mean error: 0.15763
iter#277 mean error: 0.180402
iter#278 mean error: 0.13684
iter#279 mean error: 0.204656
iter#280 mean error: 0.147753
iter#281 mean error: 0.169147
iter#282 mean error: 0.132425
iter#283 mean error: 0.175839
iter#284 mean error: 0.154631
iter#285 mean error: 0.117518
iter#286 mean error: 0.115763
iter#287 mean error: 0.173099
iter#288 mean error: 0.163216
iter#289 mean error: 0.19108
iter#290 mean error: 0.162758
iter#291 mean error: 0.16624
iter#292 mean error: 0.147671
iter#293 mean error: 0.163954
iter#294 mean error: 0.157917
iter#295 mean error: 0.17034
iter#296 mean error: 0.183432
iter#297 mean error: 0.221519
iter#298 mean error: 0.185045
iter#299 mean error: 0.118434
iter#300 mean error: 0.149257
iter#301 mean error: 0.202542
iter#302 mean error: 0.150983
iter#303 mean error: 0.158093
iter#304 mean error: 0.169917
iter#305 mean error: 0.156411
iter#306 mean error: 0.200066
iter#307 mean error: 0.117716
iter#308 mean error: 0.135479
iter#309 mean error: 0.158084
iter#310 mean error: 0.195445
iter#311 mean error: 0.211006
iter#312 mean error: 0.174123
iter#313 mean error: 0.141737
iter#314 mean error: 0.185365
iter#315 mean error: 0.176348
iter#316 mean error: 0.156068
iter#317 mean error: 0.196433
iter#318 mean error: 0.171778
iter#319 mean error: 0.170408
iter#320 mean error: 0.153242
iter#321 mean error: 0.168185
iter#322 mean error: 0.151664
iter#323 mean error: 0.211642
iter#324 mean error: 0.159188
iter#325 mean error: 0.169097
iter#326 mean error: 0.149283
iter#327 mean error: 0.147551
iter#328 mean error: 0.197986
iter#329 mean error: 0.154011
iter#330 mean error: 0.164843
iter#331 mean error: 0.170126
iter#332 mean error: 0.159823
iter#333 mean error: 0.17585
iter#334 mean error: 0.147534
iter#335 mean error: 0.143817
iter#336 mean error: 0.181208
iter#337 mean error: 0.196908
iter#338 mean error: 0.174356
iter#339 mean error: 0.162212
iter#340 mean error: 0.188223
iter#341 mean error: 0.185049
iter#342 mean error: 0.134512
iter#343 mean error: 0.16262
iter#344 mean error: 0.171003
iter#345 mean error: 0.163815
iter#346 mean error: 0.167171
iter#347 mean error: 0.144549
iter#348 mean error: 0.143868
iter#349 mean error: 0.177101
iter#350 mean error: 0.191862
iter#351 mean error: 0.177003
iter#352 mean error: 0.158415
iter#353 mean error: 0.126436
iter#354 mean error: 0.158961
iter#355 mean error: 0.182015
iter#356 mean error: 0.201233
iter#357 mean error: 0.139906
iter#358 mean error: 0.118562
iter#359 mean error: 0.138274
iter#360 mean error: 0.165604
iter#361 mean error: 0.181198
iter#362 mean error: 0.146035
iter#363 mean error: 0.154928
iter#364 mean error: 0.149073
iter#365 mean error: 0.180969
iter#366 mean error: 0.15497
iter#367 mean error: 0.136619
iter#368 mean error: 0.158392
iter#369 mean error: 0.190562
iter#370 mean error: 0.176396
iter#371 mean error: 0.160307
iter#372 mean error: 0.148593
iter#373 mean error: 0.178562
iter#374 mean error: 0.199616
iter#375 mean error: 0.146102
iter#376 mean error: 0.176382
iter#377 mean error: 0.168462
iter#378 mean error: 0.203324
iter#379 mean error: 0.161489
iter#380 mean error: 0.188263
iter#381 mean error: 0.173841
iter#382 mean error: 0.142901
iter#383 mean error: 0.153985
iter#384 mean error: 0.172922
iter#385 mean error: 0.169735
iter#386 mean error: 0.178794
iter#387 mean error: 0.126664
iter#388 mean error: 0.141528
iter#389 mean error: 0.167679
iter#390 mean error: 0.178606
iter#391 mean error: 0.213619
iter#392 mean error: 0.142674
iter#393 mean error: 0.134547
iter#394 mean error: 0.18282
iter#395 mean error: 0.160392
iter#396 mean error: 0.133547
iter#397 mean error: 0.163545
iter#398 mean error: 0.17981
iter#399 mean error: 0.180705
iter#400 mean error: 0.140924
iter#401 mean error: 0.150066
iter#402 mean error: 0.180792
iter#403 mean error: 0.173058
iter#404 mean error: 0.127939
iter#405 mean error: 0.171877
iter#406 mean error: 0.116032
iter#407 mean error: 0.153434
iter#408 mean error: 0.182236
iter#409 mean error: 0.157243
iter#410 mean error: 0.170026
iter#411 mean error: 0.136372
iter#412 mean error: 0.167902
iter#413 mean error: 0.210052
iter#414 mean error: 0.160598
iter#415 mean error: 0.157125
iter#416 mean error: 0.191826
iter#417 mean error: 0.128457
iter#418 mean error: 0.159521
iter#419 mean error: 0.209958
iter#420 mean error: 0.145291
iter#421 mean error: 0.198152
iter#422 mean error: 0.15481
iter#423 mean error: 0.153047
iter#424 mean error: 0.208731
iter#425 mean error: 0.182206
iter#426 mean error: 0.170334
iter#427 mean error: 0.125625
iter#428 mean error: 0.182748
iter#429 mean error: 0.16441
iter#430 mean error: 0.198822
iter#431 mean error: 0.19482
iter#432 mean error: 0.199043
iter#433 mean error: 0.178349
iter#434 mean error: 0.177129
iter#435 mean error: 0.201585
iter#436 mean error: 0.140144
iter#437 mean error: 0.173116
iter#438 mean error: 0.188307
iter#439 mean error: 0.201409
iter#440 mean error: 0.167486
iter#441 mean error: 0.158185
iter#442 mean error: 0.196293
iter#443 mean error: 0.183901
iter#444 mean error: 0.202681
iter#445 mean error: 0.1802
iter#446 mean error: 0.170629
iter#447 mean error: 0.175644
iter#448 mean error: 0.138931
iter#449 mean error: 0.163926
iter#450 mean error: 0.165605
iter#451 mean error: 0.141179
iter#452 mean error: 0.129258
iter#453 mean error: 0.153807
iter#454 mean error: 0.213197
iter#455 mean error: 0.141226
iter#456 mean error: 0.204164
iter#457 mean error: 0.15951
iter#458 mean error: 0.173942
iter#459 mean error: 0.195466
iter#460 mean error: 0.178551
iter#461 mean error: 0.13104
iter#462 mean error: 0.19076
iter#463 mean error: 0.157264
iter#464 mean error: 0.175361
iter#465 mean error: 0.181198
iter#466 mean error: 0.188691
iter#467 mean error: 0.210555
iter#468 mean error: 0.139815
iter#469 mean error: 0.188277
iter#470 mean error: 0.1906
iter#471 mean error: 0.132642
iter#472 mean error: 0.172335
iter#473 mean error: 0.152138
iter#474 mean error: 0.173843
iter#475 mean error: 0.176345
iter#476 mean error: 0.177881
iter#477 mean error: 0.183752
iter#478 mean error: 0.16257
iter#479 mean error: 0.117671
iter#480 mean error: 0.161161
iter#481 mean error: 0.163323
iter#482 mean error: 0.151599
iter#483 mean error: 0.20126
iter#484 mean error: 0.233744
iter#485 mean error: 0.135324
iter#486 mean error: 0.153209
iter#487 mean error: 0.141806
iter#488 mean error: 0.171753
iter#489 mean error: 0.181615
iter#490 mean error: 0.195271
iter#491 mean error: 0.136423
iter#492 mean error: 0.166191
iter#493 mean error: 0.147689
iter#494 mean error: 0.180884
iter#495 mean error: 0.0726281
iter#496 mean error: 0.12943
iter#497 mean error: 0.173125
iter#498 mean error: 0.189353
iter#499 mean error: 0.157734
iter#500 mean error: 0.223799
iter#501 mean error: 0.144284
iter#502 mean error: 0.182755
iter#503 mean error: 0.189918
iter#504 mean error: 0.155031
iter#505 mean error: 0.156001
iter#506 mean error: 0.138205
iter#507 mean error: 0.171302
iter#508 mean error: 0.184835
iter#509 mean error: 0.212836
iter#510 mean error: 0.197336
iter#511 mean error: 0.223876
iter#512 mean error: 0.133662
iter#513 mean error: 0.190621
iter#514 mean error: 0.160117
iter#515 mean error: 0.178708
iter#516 mean error: 0.179908
iter#517 mean error: 0.117931
iter#518 mean error: 0.195649
iter#519 mean error: 0.199554
iter#520 mean error: 0.188298
iter#521 mean error: 0.195922
iter#522 mean error: 0.199253
iter#523 mean error: 0.194897
iter#524 mean error: 0.158841
iter#525 mean error: 0.149893
iter#526 mean error: 0.215654
iter#527 mean error: 0.166585
iter#528 mean error: 0.186303
iter#529 mean error: 0.164809
iter#530 mean error: 0.164389
iter#531 mean error: 0.15344
iter#532 mean error: 0.160381
iter#533 mean error: 0.212266
iter#534 mean error: 0.16534
iter#535 mean error: 0.18065
iter#536 mean error: 0.181333
iter#537 mean error: 0.198627
iter#538 mean error: 0.218522
iter#539 mean error: 0.180951
iter#540 mean error: 0.178151
iter#541 mean error: 0.15337
iter#542 mean error: 0.188827
iter#543 mean error: 0.146132
iter#544 mean error: 0.153539
iter#545 mean error: 0.160864
iter#546 mean error: 0.167974
iter#547 mean error: 0.171376
iter#548 mean error: 0.19608
iter#549 mean error: 0.159625
iter#550 mean error: 0.14966
iter#551 mean error: 0.16801
iter#552 mean error: 0.165236
iter#553 mean error: 0.192298
iter#554 mean error: 0.1453
iter#555 mean error: 0.176519
iter#556 mean error: 0.179792
iter#557 mean error: 0.197864
iter#558 mean error: 0.154984
iter#559 mean error: 0.155285
iter#560 mean error: 0.133372
iter#561 mean error: 0.143799
iter#562 mean error: 0.206505
iter#563 mean error: 0.119484
iter#564 mean error: 0.132494
iter#565 mean error: 0.139243
iter#566 mean error: 0.163381
iter#567 mean error: 0.178668
iter#568 mean error: 0.161762
iter#569 mean error: 0.165652
iter#570 mean error: 0.1271
iter#571 mean error: 0.188121
iter#572 mean error: 0.185012
iter#573 mean error: 0.215649
iter#574 mean error: 0.184809
iter#575 mean error: 0.21952
iter#576 mean error: 0.178615
iter#577 mean error: 0.159996
iter#578 mean error: 0.157618
iter#579 mean error: 0.157262
iter#580 mean error: 0.167975
iter#581 mean error: 0.172796
iter#582 mean error: 0.161644
iter#583 mean error: 0.128741
iter#584 mean error: 0.155007
iter#585 mean error: 0.178414
iter#586 mean error: 0.164461
iter#587 mean error: 0.141406
iter#588 mean error: 0.158921
iter#589 mean error: 0.156102
iter#590 mean error: 0.151676
iter#591 mean error: 0.17612
iter#592 mean error: 0.18395
iter#593 mean error: 0.172455
iter#594 mean error: 0.17062
iter#595 mean error: 0.14146
iter#596 mean error: 0.138489
iter#597 mean error: 0.135344
iter#598 mean error: 0.218339
iter#599 mean error: 0.143787
iter#600 mean error: 0.145344
iter#601 mean error: 0.178475
iter#602 mean error: 0.157501
iter#603 mean error: 0.178037
iter#604 mean error: 0.178979
iter#605 mean error: 0.183624
iter#606 mean error: 0.150562
iter#607 mean error: 0.175631
iter#608 mean error: 0.155261
iter#609 mean error: 0.166003
iter#610 mean error: 0.160217
iter#611 mean error: 0.145556
iter#612 mean error: 0.132648
iter#613 mean error: 0.156636
iter#614 mean error: 0.1732
iter#615 mean error: 0.192395
iter#616 mean error: 0.190003
iter#617 mean error: 0.234615
iter#618 mean error: 0.195086
iter#619 mean error: 0.172107
iter#620 mean error: 0.186892
iter#621 mean error: 0.181926
iter#622 mean error: 0.211297
iter#623 mean error: 0.197948
iter#624 mean error: 0.165443
iter#625 mean error: 0.152683
iter#626 mean error: 0.179944
iter#627 mean error: 0.190624
iter#628 mean error: 0.137685
iter#629 mean error: 0.152942
iter#630 mean error: 0.184479
iter#631 mean error: 0.144936
iter#632 mean error: 0.173822
iter#633 mean error: 0.169581
iter#634 mean error: 0.158015
iter#635 mean error: 0.162371
iter#636 mean error: 0.138107
iter#637 mean error: 0.138062
iter#638 mean error: 0.197556
iter#639 mean error: 0.197702
iter#640 mean error: 0.200199
iter#641 mean error: 0.147903
iter#642 mean error: 0.145962
iter#643 mean error: 0.158066
iter#644 mean error: 0.16633
iter#645 mean error: 0.182573
iter#646 mean error: 0.1613
iter#647 mean error: 0.180987
iter#648 mean error: 0.166948
iter#649 mean error: 0.171346
iter#650 mean error: 0.188448
iter#651 mean error: 0.152825
iter#652 mean error: 0.18148
iter#653 mean error: 0.187186
iter#654 mean error: 0.17302
iter#655 mean error: 0.191696
iter#656 mean error: 0.208725
iter#657 mean error: 0.225987
iter#658 mean error: 0.187316
iter#659 mean error: 0.18601
iter#660 mean error: 0.175663
iter#661 mean error: 0.173893
iter#662 mean error: 0.150186
iter#663 mean error: 0.158769
iter#664 mean error: 0.13652
iter#665 mean error: 0.203384
iter#666 mean error: 0.158391
iter#667 mean error: 0.157652
iter#668 mean error: 0.113924
iter#669 mean error: 0.180759
iter#670 mean error: 0.144479
iter#671 mean error: 0.132855
iter#672 mean error: 0.211049
iter#673 mean error: 0.158802
iter#674 mean error: 0.153279
iter#675 mean error: 0.132193
iter#676 mean error: 0.165893
iter#677 mean error: 0.144575
iter#678 mean error: 0.186747
iter#679 mean error: 0.151143
iter#680 mean error: 0.195844
iter#681 mean error: 0.209666
iter#682 mean error: 0.161288
iter#683 mean error: 0.164053
iter#684 mean error: 0.173758
iter#685 mean error: 0.207227
iter#686 mean error: 0.137435
iter#687 mean error: 0.184505
iter#688 mean error: 0.14834
iter#689 mean error: 0.150781
iter#690 mean error: 0.194241
iter#691 mean error: 0.175878
iter#692 mean error: 0.163923
iter#693 mean error: 0.188759
iter#694 mean error: 0.152594
iter#695 mean error: 0.181639
iter#696 mean error: 0.184713
iter#697 mean error: 0.207559
iter#698 mean error: 0.16205
iter#699 mean error: 0.198411
iter#700 mean error: 0.141253
iter#701 mean error: 0.18131
iter#702 mean error: 0.178528
iter#703 mean error: 0.114157
iter#704 mean error: 0.163728
iter#705 mean error: 0.195286
iter#706 mean error: 0.18432
iter#707 mean error: 0.19138
iter#708 mean error: 0.177236
iter#709 mean error: 0.231612
iter#710 mean error: 0.187761
iter#711 mean error: 0.156758
iter#712 mean error: 0.1589
iter#713 mean error: 0.190547
iter#714 mean error: 0.183409
iter#715 mean error: 0.177305
iter#716 mean error: 0.14287
iter#717 mean error: 0.161423
iter#718 mean error: 0.187628
iter#719 mean error: 0.163568
iter#720 mean error: 0.172355
iter#721 mean error: 0.19001
iter#722 mean error: 0.19019
iter#723 mean error: 0.189886
iter#724 mean error: 0.16899
iter#725 mean error: 0.174063
iter#726 mean error: 0.176203
iter#727 mean error: 0.184172
iter#728 mean error: 0.145696
iter#729 mean error: 0.165304
iter#730 mean error: 0.190884
iter#731 mean error: 0.140952
iter#732 mean error: 0.149558
iter#733 mean error: 0.168815
iter#734 mean error: 0.159632
iter#735 mean error: 0.147377
iter#736 mean error: 0.167292
iter#737 mean error: 0.160176
iter#738 mean error: 0.142317
iter#739 mean error: 0.129638
iter#740 mean error: 0.165752
iter#741 mean error: 0.187507
iter#742 mean error: 0.125492
iter#743 mean error: 0.182253
iter#744 mean error: 0.155798
iter#745 mean error: 0.116396
iter#746 mean error: 0.15072
iter#747 mean error: 0.172359
iter#748 mean error: 0.177227
iter#749 mean error: 0.160284
iter#750 mean error: 0.188377
iter#751 mean error: 0.15935
iter#752 mean error: 0.165394
iter#753 mean error: 0.164337
iter#754 mean error: 0.214704
iter#755 mean error: 0.149051
iter#756 mean error: 0.223271
iter#757 mean error: 0.141344
iter#758 mean error: 0.164393
iter#759 mean error: 0.126901
iter#760 mean error: 0.151562
iter#761 mean error: 0.167386
iter#762 mean error: 0.182033
iter#763 mean error: 0.148693
iter#764 mean error: 0.160664
iter#765 mean error: 0.199883
iter#766 mean error: 0.18401
iter#767 mean error: 0.164249
iter#768 mean error: 0.207335
iter#769 mean error: 0.189282
iter#770 mean error: 0.176647
iter#771 mean error: 0.183184
iter#772 mean error: 0.156707
iter#773 mean error: 0.167338
iter#774 mean error: 0.231351
iter#775 mean error: 0.150259
iter#776 mean error: 0.187647
iter#777 mean error: 0.1957
iter#778 mean error: 0.179242
iter#779 mean error: 0.139134
iter#780 mean error: 0.168715
iter#781 mean error: 0.161197
iter#782 mean error: 0.106167
iter#783 mean error: 0.175817
iter#784 mean error: 0.169319
iter#785 mean error: 0.184793
iter#786 mean error: 0.222517
iter#787 mean error: 0.182133
iter#788 mean error: 0.186344
iter#789 mean error: 0.135049
iter#790 mean error: 0.188171
iter#791 mean error: 0.165632
iter#792 mean error: 0.150608
iter#793 mean error: 0.163061
iter#794 mean error: 0.157735
iter#795 mean error: 0.15513
iter#796 mean error: 0.165686
iter#797 mean error: 0.135105
iter#798 mean error: 0.156587
iter#799 mean error: 0.176725
iter#800 mean error: 0.182637
iter#801 mean error: 0.167129
iter#802 mean error: 0.168723
iter#803 mean error: 0.161865
iter#804 mean error: 0.138204
iter#805 mean error: 0.161801
iter#806 mean error: 0.188406
iter#807 mean error: 0.151351
iter#808 mean error: 0.140465
iter#809 mean error: 0.147926
iter#810 mean error: 0.171982
iter#811 mean error: 0.147943
iter#812 mean error: 0.133454
iter#813 mean error: 0.191575
iter#814 mean error: 0.145293
iter#815 mean error: 0.1605
iter#816 mean error: 0.125746
iter#817 mean error: 0.175247
iter#818 mean error: 0.175147
iter#819 mean error: 0.194228
iter#820 mean error: 0.201838
iter#821 mean error: 0.164146
iter#822 mean error: 0.146632
iter#823 mean error: 0.156334
iter#824 mean error: 0.19406
iter#825 mean error: 0.188031
iter#826 mean error: 0.182737
iter#827 mean error: 0.183295
iter#828 mean error: 0.202989
iter#829 mean error: 0.137603
iter#830 mean error: 0.195183
iter#831 mean error: 0.178917
iter#832 mean error: 0.166543
iter#833 mean error: 0.182269
iter#834 mean error: 0.167424
iter#835 mean error: 0.221883
iter#836 mean error: 0.131125
iter#837 mean error: 0.176089
iter#838 mean error: 0.185035
iter#839 mean error: 0.163029
iter#840 mean error: 0.169379
iter#841 mean error: 0.127182
iter#842 mean error: 0.164885
iter#843 mean error: 0.131834
iter#844 mean error: 0.184391
iter#845 mean error: 0.188383
iter#846 mean error: 0.162194
iter#847 mean error: 0.134426
iter#848 mean error: 0.176318
iter#849 mean error: 0.180701
iter#850 mean error: 0.201421
iter#851 mean error: 0.113804
iter#852 mean error: 0.151401
iter#853 mean error: 0.195924
iter#854 mean error: 0.191489
iter#855 mean error: 0.183287
iter#856 mean error: 0.154229
iter#857 mean error: 0.155496
iter#858 mean error: 0.123597
iter#859 mean error: 0.131318
iter#860 mean error: 0.146796
iter#861 mean error: 0.158164
iter#862 mean error: 0.187163
iter#863 mean error: 0.182027
iter#864 mean error: 0.130201
iter#865 mean error: 0.179986
iter#866 mean error: 0.198858
iter#867 mean error: 0.164759
iter#868 mean error: 0.123518
iter#869 mean error: 0.204606
iter#870 mean error: 0.151226
iter#871 mean error: 0.199619
iter#872 mean error: 0.118934
iter#873 mean error: 0.159299
iter#874 mean error: 0.193478
iter#875 mean error: 0.143811
iter#876 mean error: 0.174883
iter#877 mean error: 0.189458
iter#878 mean error: 0.183683
iter#879 mean error: 0.204849
iter#880 mean error: 0.166571
iter#881 mean error: 0.166842
iter#882 mean error: 0.155013
iter#883 mean error: 0.208294
iter#884 mean error: 0.169582
iter#885 mean error: 0.18566
iter#886 mean error: 0.177384
iter#887 mean error: 0.199464
iter#888 mean error: 0.184433
iter#889 mean error: 0.160386
iter#890 mean error: 0.127707
iter#891 mean error: 0.150875
iter#892 mean error: 0.15916
iter#893 mean error: 0.142166
iter#894 mean error: 0.170337
iter#895 mean error: 0.192683
iter#896 mean error: 0.193912
iter#897 mean error: 0.157256
iter#898 mean error: 0.170098
iter#899 mean error: 0.181803
iter#900 mean error: 0.183829
iter#901 mean error: 0.180378
iter#902 mean error: 0.167651
iter#903 mean error: 0.150871
iter#904 mean error: 0.187681
iter#905 mean error: 0.20353
iter#906 mean error: 0.187389
iter#907 mean error: 0.205784
iter#908 mean error: 0.15585
iter#909 mean error: 0.157997
iter#910 mean error: 0.148797
iter#911 mean error: 0.179824
iter#912 mean error: 0.179183
iter#913 mean error: 0.165652
iter#914 mean error: 0.154083
iter#915 mean error: 0.187072
iter#916 mean error: 0.125099
iter#917 mean error: 0.129035
iter#918 mean error: 0.120937
iter#919 mean error: 0.218204
iter#920 mean error: 0.133544
iter#921 mean error: 0.153583
iter#922 mean error: 0.194645
iter#923 mean error: 0.180396
iter#924 mean error: 0.177285
iter#925 mean error: 0.203811
iter#926 mean error: 0.1529
iter#927 mean error: 0.139821
iter#928 mean error: 0.167892
iter#929 mean error: 0.164578
iter#930 mean error: 0.203677
iter#931 mean error: 0.179981
iter#932 mean error: 0.146834
iter#933 mean error: 0.194956
iter#934 mean error: 0.198422
iter#935 mean error: 0.171295
iter#936 mean error: 0.167938
iter#937 mean error: 0.140667
iter#938 mean error: 0.200431
iter#939 mean error: 0.140272
iter#940 mean error: 0.16152
iter#941 mean error: 0.171497
iter#942 mean error: 0.152424
iter#943 mean error: 0.208935
iter#944 mean error: 0.203632
iter#945 mean error: 0.15223
iter#946 mean error: 0.215932
iter#947 mean error: 0.115648
iter#948 mean error: 0.145075
iter#949 mean error: 0.228733
iter#950 mean error: 0.149833
iter#951 mean error: 0.168783
iter#952 mean error: 0.133895
iter#953 mean error: 0.203297
iter#954 mean error: 0.136636
iter#955 mean error: 0.203431
iter#956 mean error: 0.15525
iter#957 mean error: 0.155523
iter#958 mean error: 0.154476
iter#959 mean error: 0.132833
iter#960 mean error: 0.172579
iter#961 mean error: 0.149992
iter#962 mean error: 0.125622
iter#963 mean error: 0.175709
iter#964 mean error: 0.175457
iter#965 mean error: 0.171332
iter#966 mean error: 0.119076
iter#967 mean error: 0.18729
iter#968 mean error: 0.171171
iter#969 mean error: 0.185645
iter#970 mean error: 0.165257
iter#971 mean error: 0.181225
iter#972 mean error: 0.190877
iter#973 mean error: 0.207812
iter#974 mean error: 0.123653
iter#975 mean error: 0.194027
iter#976 mean error: 0.174966
iter#977 mean error: 0.146043
iter#978 mean error: 0.161846
iter#979 mean error: 0.158258
iter#980 mean error: 0.149567
iter#981 mean error: 0.167365
iter#982 mean error: 0.101925
iter#983 mean error: 0.123649
iter#984 mean error: 0.17128
iter#985 mean error: 0.169899
iter#986 mean error: 0.209664
iter#987 mean error: 0.169277
iter#988 mean error: 0.140132
iter#989 mean error: 0.138184
iter#990 mean error: 0.205944
iter#991 mean error: 0.142979
iter#992 mean error: 0.179227
iter#993 mean error: 0.154479
iter#994 mean error: 0.145121
iter#995 mean error: 0.183702
iter#996 mean error: 0.1573
iter#997 mean error: 0.164763
iter#998 mean error: 0.140597
iter#999 mean error: 0.127984
iter#1000 mean error: 0.168671
iter#1001 mean error: 0.184131
iter#1002 mean error: 0.144452
iter#1003 mean error: 0.16589
iter#1004 mean error: 0.156663
iter#1005 mean error: 0.168616
iter#1006 mean error: 0.202902
iter#1007 mean error: 0.166442
iter#1008 mean error: 0.18723
iter#1009 mean error: 0.117079
iter#1010 mean error: 0.187365
iter#1011 mean error: 0.152607
iter#1012 mean error: 0.160176
iter#1013 mean error: 0.174336
iter#1014 mean error: 0.164397
iter#1015 mean error: 0.169409
iter#1016 mean error: 0.166132
iter#1017 mean error: 0.172545
iter#1018 mean error: 0.182139
iter#1019 mean error: 0.194764
iter#1020 mean error: 0.163181
iter#1021 mean error: 0.214913
iter#1022 mean error: 0.16376
iter#1023 mean error: 0.164886
training accuracy: 0.832928
0.467635 27.9705 -14.8306 0.408652 11.4221 -26.5982 -4.70281 -11.5145 -18.5804 1.66344 -4.46656 -2.26709 1.30674 -8.95588 5.02005 -15.5507 6.39087 -9.79969 -11.9621 0.470435 -8.38215 4.92049 -14.0108 -6.7879 1.12972 -13.6918 -4.82996 -2.15011 0.4121 4.85859 
cost time: 1530.25 milliseconds.
accuracy: 0.795.
precision: 0.515.
recall: 0.791.
F-value: 0.624.
