./main.o
MONTH_ID 1
PROV_ID 1
AREA_ID 1
USER_ID 1
SERVICE_TYPE 1
PAY_MODE 1
PRODUCT_ID 1
PRODUCT_MODE 1
CHNL_ID 1
USER_STATUS 1
CUST_ID 1
IS_GRP_MBR 1
IS_INNET 1
IS_THIS_ACCT 1
IS_FREE 1
STOP_MONTH 0
LAST_STOP_DATE 1
INNET_MONTHS 0
FLUXMOST1MON_IMEI 1
USE_TERM_TYPE 1
IS_TERM_IPHONE 1
IS_USE_SMART 1
USER_3WU 1
IS_ACTIVE 1
IS_LOWER_VALUE_USER 0
USE_STATUS_INNET 1
TOTAL_FLUX 0
LOCAL_FLUX 0
LOCAL_FLUX_ZB 0
JF_TIMES 0
NOROAM_LOCAL_JF_TIMES 0
NOROAM_LONG_JF_TIMES 0
ROAM_ZB 0
ZHUJIAO_ZB 0
CDR_NUM 0
TOLL_NUMS_ZB 0
VIP_LEVEL 1
ACCT_FEE 0
ROAM_VOICE_FEE 0
ZENGZHI_FEE 0
OWE_FEE 0
OVERDUE_OWE_FEE 0
P2P_SMS_CNT 0
FLUX_NUM 0
FLUX_TIME 0
YQ_OWE_MONTHS 0
STDEV_CDR_NUM 0
VAR_CDR_NUM 0
CALL_DAYS 0
LAST_CALL_TIME 1
CALL_DURA_LAST7_CN 0
OTHER_MOBILE_RING 0
CELLID_NUM 0
CALLING_YIWANG 0
NET_TYPE 1
MANU_NAME 1
LOST_FLAG 1
STABLE_FLAG 1
variables found: 58
ROW: 977	 COL: 58
苹果                                          
0
0
三星                                       
苹果                                          
0
0
0
0
0
0
0
小米                                        
0
0
0
三星                                      
0
0
0
易默                                             
0
诺基亚                                        
0
0
0
0
0
0
0
0
0
0
0
0
0
0
小米                                        
0
0
0
0
中兴                                      
0
0
0
0
0
0
0
0
0
0
0
0
0
0
高新奇                                       
0
联想                                    
0
东方                                          
0
0
0
0
0
0
0
0
0
0
0
0
0
0
0
0
0
0
0
0
0
0
0
0
0
0
0
0
0
0
0
0
0
0
0
0
0
0
0
0
0
0
0
0
0
0
0
0
0
苹果                                          
0
0
0
0
0
0
0
0
0
0
0
0
埃立特                                       
0
0
0
0
荣事达                                    
0
0
0
0
0
0
0
0
0
0
0
0
0
晨兴                                         
0
0
0
0
0
0
0
0
0
0
0
0
0
0
0
0
0
0
0
0
0
0
0
0
0
0
0
0
0
0
0
0
0
0
0
0
0
0
0
0
0
0
0
0
0
0
0
0
0
0
0
0
0
0
0
0
0
0
0
0
0
0
0
0
0
0
0
0
0
0
0
0
0
0
0
0
0
0
0
达能                                 
0
0
0
0
0
0
0
0
0
0
0
0
0
0
0
0
0
0
0
0
0
0
0
0
0
0
0
0
0
0
0
0
0
0
0
0
0
0
0
0
0
0
0
达能                                 
0
0
0
0
0
0
0
0
0
0
0
0
0
0
0
0
0
0
0
0
0
0
0
0
0
0
0
0
0
0
0
0
0
0
0
0
0
0
0
0
0
0
0
微兴                                     
0
0
0
0
0
0
0
0
0
0
0
0
0
0
0
0
0
0
0
0
0
0
0
0
0
0
LG                                            
0
0
0
0
0
0
0
0
0
0
0
0
0
0
0
0
0
0
0
0
0
0
0
0
0
0
0
0
0
0
0
0
0
0
0
0
0
0
0
0
0
0
0
0
0
0
0
0
0
0
0
0
0
0
0
0
0
0
0
0
0
0
0
0
0
0
0
0
0
0
0
0
0
0
0
0
0
0
0
0
0
0
0
0
0
0
苹果                                
0
0
0
0
0
0
0
0
0
0
0
0
0
0
0
0
0
0
0
0
0
0
0
0
0
0
0
0
0
TCL                                       
0
0
0
0
0
0
0
0
0
0
0
0
0
0
0
0
0
0
0
0
0
0
0
0
0
0
0
0
0
0
0
0
0
0
0
0
0
0
0
0
0
0
0
0
0
0
0
0
0
0
0
0
0
0
0
0
0
0
0
0
0
0
0
0
0
0
0
0
维沃                                       
诺基亚                                         
苹果                                          
0
苹果                                          
0
酷派                                   
0
中电                                       
小米                                        
0
0
米歌                                       
苹果                                          
苹果                                          
0
联想                                    
0
0
维沃                                       
小米                                        
0
苹果                                          
0
E派                                           
中兴                                         
苹果                                          
魅族                                          
苹果                                          
小米                                        
0
酷乐                                   
联想                                   
凯利通                                    
0
三星                                       
苹果                                          
中兴                                      
0
三星                                        
诺基亚                                        
爱我                                      
酷派                                   
闻讯                                    
0
0
苹果                                
乐购天地                                        
天元通                                        
大显启辰                                       
0
0
中兴                                      
华森                                
苹果                                          
0
华为                                        
0
苹果                                          
0
三星                                       
中兴                                         
三星                                       
0
苹果                                          
0
电意                                          
三星                                       
0
福中福                                  
0
0
0
三星                                      
苹果                                          
酷派                                   
美富通                                    
0
苹果                                          
苹果                                          
福中福                                  
三星                                       
苹果                                          
苹果                                          
苹果                                          
0
三星                                       
苹果                                          
酷派                              
VITA                                        
维沃                                       
小米                                        
苹果                                          
华为                                
0
宏达                                      
0
三星                                      
0
0
0
0
0
0
苹果                                
苹果                                          
联想                                   
强者                                             
索尼爱立信                                    
奥克斯                                      
苹果                                          
MOBICEL                                       
0
0
苹果                                
0
三星                                       
0
0
三星                                       
0
诺基亚                                       
卡美欧                                     
苹果                                          
优摩                                        
0
小米                                        
0
苹果                                          
三普                                          
索尼爱立信                    
0
0
埃立特                                       
小米                                        
0
0
苹果                                          
诺基亚                                         
三星                                      
欧珀                                      
科盛                                         
三星                                       
长虹                                  
苹果                                          
魅族                                           
小米                                        
0
0
0
三星                                       
苹果                                          
0
0
0
苹果                                          
0
首家                                     
0
苹果                                          
0
0
0
三星                                       
三星                                      
诺基亚                                         
NOTKNOWN                                      
大显                                           
0
0
0
0
苹果                                
0
0
0
联想                                    
小米                                        
三星                                       
0
苹果                                          
微兴                                     
中兴                                     
NOTKNOWN                                      
三星                                      
新邮                                           
M008
0
三星                                       
米錡                                     
苹果                                          
0
0
苹果                                          
苹果                                          
竞冠                                       
0
华为                                
百立丰                                        
苹果                                          
0
兴华宝                                     
苹果                                
小米                                        
0
三普                                     
0
0
小米                                        
??                                    
0
0
0
0
苹果                                          
三星                                       
小米                                        
联想                                 
酷派                                  
易派                                       
苹果                                 
0
索爱佳通                                
0
欧珀                                        
凯利通                                    
0
0
0
苹果                                          
华森                                
苹果                                 
酷珂                                       
0
天语                                   
0
中电                                           
诺基亚                                 
0
0
0
0
0
0
0
联鑫时代                                      
0
苹果                                          
0
0
金立                                     
0
0
0
新邮                                           
0
0
0
爱我                                      
0
0
0
欧乐酷                                   
小米                                        
0
Jega                                          
苹果                                
恒语                                            
0
0
0
0
苹果                                          
0
苹果                                          
苹果                                          
苹果                                          
小米                                        
华为                               
0
0
0
苹果                                          
联想                                   
维沃                                      
晨兴                                         
荣事达                                       
晨兴                                         
0
维沃                                     
0
三星                                       
0
三星                                      
0
0
苹果                                          
0
维沃                                     
苹果                                
小米                                        
苹果                                          
华为                                   
0
0
苹果                                          
0
华为                                
苹果                                          
苹果                                          
0
华为                                
苹果                                
索尼爱立信                                    
0
小米                                        
联想                                   
0
三星                                      
0
0
苹果                                          
金立                                   
0
0
联想                                   
友利通                                   
小米                                        
跳跳鱼                                          
索尼爱立信                                    
0
0
苹果                                
苹果                                          
苹果                                          
欧珀                                       
0
盛和                                        
0
荣事达                                       
联想                                   
苹果                                          
0
三星                                       
大唐                                            
华为                                
苹果                                
三星                                       
福中福                                  
0
0
波导                                     
0
0
大显                                           
0
庆邦                                     
苹果                                          
0
0
苹果                                          
酷派                                   
欧奇                                          
索尼爱立信                                    
苹果                                          
天时达                                         
0
苹果                                          
华为                                
苹果                                          
苹果                                          
爱我                                       
苹果                                          
华为                                
小米                                        
0
索尼爱立信                                    
现代                                     
0
三星                                       
优友                                            
苹果                                          
小米                                        
联想                                   
Jega                                          
0
小米                                        
0
苹果                                          
联想                                   
小米                                        
0
苹果                                
苹果                                          
埃立特                                       
维沃                                      
福中福                                  
0
0
0
闻讯                                    
闻讯                                    
0
小米                                        
苹果                                          
知己迅联                                      
欧珀                                      
苹果                                          
三普                                           
0
爱派尔                                         
小米                                        
0
0
三星                                      
0
摩能                                      
华为                                
0
0
闻讯                                    
强者                                    
维沃                                       
酷派                                   
苹果                                          
0
0
0
0
0
0
金立                                  
荣事达                                       
苹果                                          
0
苹果                                 
0
欧珀                                       
0
苹果                                          
三星                                       
0
三星                                       
0
0
0
0
0
中兴                                     
0
0
0
0
1 1 1 0 1 1 0 0 0 1 0 1 1 1 1 1 1 1 0 1 1 1 1 1 1 1 1 1 1 1 1 1 1 1 1 1 1 1 1 1 1 1 1 1 1 1 1 1 1 0 1 1 1 1 1 0 1 1 
